#
# A fatal error has been detected by the Java Runtime Environment:
#
#  EXCEPTION_ACCESS_VIOLATION (0xc0000005) at pc=0x00007ffa209f1cd4, pid=14044, tid=4908
#
# JRE version: 7.0_17-b02
# Java VM: Java HotSpot(TM) 64-Bit Server VM (23.7-b01 mixed mode windows-amd64 compressed oops)
# Problematic frame:
# C  [msvcrt.dll+0x1cd4]  operator delete[]+0x0
#
# Failed to write core dump. Minidumps are not enabled by default on client versions of Windows
#
# If you would like to submit a bug report, please visit:
#   http://bugreport.sun.com/bugreport/crash.jsp
# The crash happened outside the Java Virtual Machine in native code.
# See problematic frame for where to report the bug.
#

---------------  T H R E A D  ---------------

Current thread (0x0000000035085800):  JavaThread "Swing-Shell" daemon [_thread_in_native, id=4908, stack(0x0000000035130000,0x0000000035430000)]

siginfo: ExceptionCode=0xc0000005, writing address 0x0000000000000000

Registers:
RAX=0x0000000000000000, RBX=0x0000000034660230, RCX=0x0000000035bd00c0, RDX=0x00007ffa0a481300
RSP=0x000000003542f078, RBP=0x0000000000000001, RSI=0x0000000035bd00c8, RDI=0x00000000ffffffff
R8 =0x000000000a92f048, R9 =0x0000000000008000, R10=0x0000000000000000, R11=0x000000003542eff0
R12=0x0000000030217058, R13=0x0000000000000001, R14=0x0000000035bd00c0, R15=0x0000000030217060
RIP=0x00007ffa209f1cd4, EFLAGS=0x0000000000010296

Top of Stack: (sp=0x000000003542f078)
0x000000003542f078:   00007ffa0a48de1d 000000003542f0e8
0x000000003542f088:   000000000a9172b1 00000000ffffffff
0x000000003542f098:   0000000000000000 00000000ffffffff
0x000000003542f0a8:   00007ffa0a490d1e 0000000000000000
0x000000003542f0b8:   000000003542f0e8 0000000030217050
0x000000003542f0c8:   0000000034660230 0000000034660230
0x000000003542f0d8:   0000000000000000 fffffffffffffffe
0x000000003542f0e8:   0000000000000000 0000000029b41380
0x000000003542f0f8:   0000000000000001 000000003542f3c0
0x000000003542f108:   0000000034660290 0000000034660200
0x000000003542f118:   0000000030217010 000000003542f338
0x000000003542f128:   00007ffa0a48fc75 0000000035f20000
0x000000003542f138:   0000000034660200 0000000000000000
0x000000003542f148:   0000000000000000 0000000029b20300
0x000000003542f158:   00007ffa02fe5fab 0000000029b30100
0x000000003542f168:   0000000000000000 0000000000000000 

Instructions: (pc=0x00007ffa209f1cd4)
0x00007ffa209f1cb4:   33 d2 ff 15 fc b5 09 00 85 c0 75 d0 e9 4c d5 03
0x00007ffa209f1cc4:   00 cc 90 90 90 90 90 90 48 b8 60 81 91 0a 00 00
0x00007ffa209f1cd4:   00 00 ff e0 91 0a 00 00 00 00 ff e0 48 b8 60 73
0x00007ffa209f1ce4:   91 0a 00 00 00 00 ff e0 83 ec 20 48 83 3d c9 d3 


Register to memory mapping:

RAX=0x0000000000000000 is an unknown value
RBX=0x0000000034660230 is an unknown value
RCX=0x0000000035bd00c0 is an unknown value
RDX=0x00007ffa0a481300 is an unknown value
RSP=0x000000003542f078 is pointing into the stack for thread: 0x0000000035085800
RBP=0x0000000000000001 is an unknown value
RSI=0x0000000035bd00c8 is an unknown value
RDI=0x00000000ffffffff is an unknown value
R8 =0x000000000a92f048 is an unknown value
R9 =0x0000000000008000 is an unknown value
R10=0x0000000000000000 is an unknown value
R11=0x000000003542eff0 is pointing into the stack for thread: 0x0000000035085800
R12=0x0000000030217058 is an unknown value
R13=0x0000000000000001 is an unknown value
R14=0x0000000035bd00c0 is an unknown value
R15=0x0000000030217060 is an unknown value


Stack: [0x0000000035130000,0x0000000035430000],  sp=0x000000003542f078,  free space=3068k
Native frames: (J=compiled Java code, j=interpreted, Vv=VM code, C=native code)
C  [msvcrt.dll+0x1cd4]  operator delete[]+0x0

Java frames: (J=compiled Java code, j=interpreted, Vv=VM code)
j  sun.awt.shell.Win32ShellFolder2.getNextChild(J)J+0
j  sun.awt.shell.Win32ShellFolder2.access$1100(Lsun/awt/shell/Win32ShellFolder2;J)J+2
j  sun.awt.shell.Win32ShellFolder2$9.call()[Ljava/io/File;+94
j  sun.awt.shell.Win32ShellFolder2$9.call()Ljava/lang/Object;+1
j  java.util.concurrent.FutureTask$Sync.innerRun()V+29
j  java.util.concurrent.FutureTask.run()V+4
j  java.util.concurrent.ThreadPoolExecutor.runWorker(Ljava/util/concurrent/ThreadPoolExecutor$Worker;)V+95
j  java.util.concurrent.ThreadPoolExecutor$Worker.run()V+5
j  sun.awt.shell.Win32ShellFolderManager2$ComInvoker$3.run()V+7
j  java.lang.Thread.run()V+11
v  ~StubRoutines::call_stub

---------------  P R O C E S S  ---------------

Java Threads: ( => current thread )
=>0x0000000035085800 JavaThread "Swing-Shell" daemon [_thread_in_native, id=4908, stack(0x0000000035130000,0x0000000035430000)]
  0x00000000309a1000 JavaThread "HFileChooser Load File/Folder Choosers Thread" [_thread_blocked, id=14220, stack(0x0000000034130000,0x0000000034430000)]
  0x0000000033a65800 JavaThread "Monitor File Timestamp" [_thread_blocked, id=11676, stack(0x0000000033b30000,0x0000000033e30000)]
  0x000000002b6a7800 JavaThread "Image Fetcher 3" daemon [_thread_blocked, id=12180, stack(0x000000002fa30000,0x000000002fd30000)]
  0x000000002b6a2800 JavaThread "Image Fetcher 2" daemon [_thread_blocked, id=11564, stack(0x000000002f730000,0x000000002fa30000)]
  0x000000002c420800 JavaThread "D3D Screen Updater" daemon [_thread_blocked, id=9784, stack(0x000000002e430000,0x000000002e730000)]
  0x000000002c426800 JavaThread "Image Fetcher 1" daemon [_thread_blocked, id=8492, stack(0x000000002df30000,0x000000002e230000)]
  0x000000002b64d800 JavaThread "Image Fetcher 0" daemon [_thread_blocked, id=12472, stack(0x000000002c030000,0x000000002c330000)]
  0x000000000561b800 JavaThread "AWT-EventQueue-1" [_thread_in_Java, id=12856, stack(0x000000002bc30000,0x000000002bf30000)]
  0x0000000005612000 JavaThread "Process Messages" [_thread_blocked, id=11836, stack(0x000000002b830000,0x000000002bb30000)]
  0x000000000575c800 JavaThread "Thread-3" [_thread_blocked, id=11364, stack(0x0000000003bb0000,0x0000000004fb0000)]
  0x000000002b327800 JavaThread "AWT-EventQueue-0" [_thread_blocked, id=1204, stack(0x000000002b330000,0x000000002b630000)]
  0x00000000286f0800 JavaThread "AWT-Windows" daemon [_thread_in_native, id=6448, stack(0x000000002a220000,0x000000002a520000)]
  0x00000000286fd800 JavaThread "AWT-Shutdown" [_thread_blocked, id=6576, stack(0x0000000029f20000,0x000000002a220000)]
  0x00000000286f1800 JavaThread "Java2D Disposer" daemon [_thread_blocked, id=8648, stack(0x0000000029c20000,0x0000000029f20000)]
  0x0000000029460800 JavaThread "TimerQueue" daemon [_thread_blocked, id=732, stack(0x0000000029820000,0x0000000029b20000)]
  0x0000000026bd0800 JavaThread "Service Thread" daemon [_thread_blocked, id=13348, stack(0x00000000280c0000,0x00000000283c0000)]
  0x0000000026bc1000 JavaThread "C1 CompilerThread2" daemon [_thread_blocked, id=9412, stack(0x0000000027fc0000,0x00000000280c0000)]
  0x0000000026b40800 JavaThread "C2 CompilerThread1" daemon [_thread_blocked, id=10480, stack(0x0000000027ec0000,0x0000000027fc0000)]
  0x0000000026ad1000 JavaThread "C2 CompilerThread0" daemon [_thread_blocked, id=2216, stack(0x0000000027cc0000,0x0000000027dc0000)]
  0x0000000026b31800 JavaThread "Attach Listener" daemon [_thread_blocked, id=13100, stack(0x00000000279c0000,0x0000000027cc0000)]
  0x0000000026c32000 JavaThread "Signal Dispatcher" daemon [_thread_blocked, id=9060, stack(0x00000000276c0000,0x00000000279c0000)]
  0x0000000026c34000 JavaThread "Surrogate Locker Thread (Concurrent GC)" daemon [_thread_blocked, id=9804, stack(0x00000000273c0000,0x00000000276c0000)]
  0x0000000026af5800 JavaThread "Finalizer" daemon [_thread_blocked, id=13332, stack(0x00000000270c0000,0x00000000273c0000)]
  0x0000000026af7000 JavaThread "Reference Handler" daemon [_thread_blocked, id=13556, stack(0x0000000026dc0000,0x00000000270c0000)]
  0x000000000372b000 JavaThread "main" [_thread_blocked, id=12516, stack(0x000000001b0e0000,0x000000001b1e0000)]

Other Threads:
  0x000000001b0c2000 VMThread [stack: 0x0000000026cc0000,0x0000000026dc0000] [id=4756]
  0x000000001b061800 WatcherThread [stack: 0x00000000283c0000,0x00000000284c0000] [id=10780]

VM state:not at safepoint (normal execution)

VM Mutex/Monitor currently owned by a thread: None

Heap
 par new generation   total 55296K, used 23815K [0x0000000778000000, 0x000000077bc00000, 0x000000077bc00000)
  eden space 49152K,  35% used [0x0000000778000000, 0x0000000779141c78, 0x000000077b000000)
  from space 6144K, 100% used [0x000000077b000000, 0x000000077b600000, 0x000000077b600000)
  to   space 6144K,   0% used [0x000000077b600000, 0x000000077b600000, 0x000000077bc00000)
 concurrent mark-sweep generation total 69632K, used 10610K [0x000000077bc00000, 0x0000000780000000, 0x00000007f8000000)
 concurrent-mark-sweep perm gen total 131072K, used 28287K [0x00000007f8000000, 0x0000000800000000, 0x0000000800000000)

Card table byte_map: [0x0000000021780000,0x0000000021bd0000] byte_map_base: 0x000000001dbc0000

Polling page: 0x000000001b1e0000

Code Cache  [0x000000001b200000, 0x000000001b8b0000, 0x0000000021200000)
 total_blobs=2394 nmethods=1779 adapters=530 free_code_cache=91522Kb largest_free_block=93668096

Compilation events (10 events):
Event: 4.376 Thread 0x0000000026bc1000 nmethod 2026 0x000000001b875b10 code [0x000000001b875d20, 0x000000001b876748]
Event: 4.377 Thread 0x0000000026bc1000 2027       3       ui.frmwork.ad::setEnabled (119 bytes)
Event: 4.378 Thread 0x0000000026bc1000 nmethod 2027 0x000000001b876c50 code [0x000000001b876e60, 0x000000001b8778e8]
Event: 4.378 Thread 0x0000000026bc1000 2028       3       javax.swing.text.SimpleAttributeSet::<init> (17 bytes)
Event: 4.379 Thread 0x0000000026bc1000 nmethod 2028 0x000000001b3b4310 code [0x000000001b3b44a0, 0x000000001b3b47a8]
Event: 4.379 Thread 0x0000000026bc1000 2029       3       javax.swing.plaf.basic.BasicLabelUI::installKeyboardActions (97 bytes)
Event: 4.381 Thread 0x0000000026bc1000 nmethod 2029 0x000000001b877dd0 code [0x000000001b8780c0, 0x000000001b879668]
Event: 4.381 Thread 0x0000000026bc1000 2030       3       java.awt.Container::processEvent (22 bytes)
Event: 4.382 Thread 0x0000000026bc1000 nmethod 2030 0x000000001b631450 code [0x000000001b6315e0, 0x000000001b6319f8]
Event: 4.383 Thread 0x0000000026bc1000 2033       3       javax.swing.SwingUtilities::getWindowAncestor (31 bytes)

GC Heap History (4 events):
Event: 1.543 GC heap before
{Heap before GC invocations=0 (full 0):
 par new generation   total 55296K, used 49152K [0x0000000778000000, 0x000000077bc00000, 0x000000077bc00000)
  eden space 49152K, 100% used [0x0000000778000000, 0x000000077b000000, 0x000000077b000000)
  from space 6144K,   0% used [0x000000077b000000, 0x000000077b000000, 0x000000077b600000)
  to   space 6144K,   0% used [0x000000077b600000, 0x000000077b600000, 0x000000077bc00000)
 concurrent mark-sweep generation total 69632K, used 0K [0x000000077bc00000, 0x0000000780000000, 0x00000007f8000000)
 concurrent-mark-sweep perm gen total 131072K, used 13256K [0x00000007f8000000, 0x0000000800000000, 0x0000000800000000)
Event: 1.557 GC heap after
Heap after GC invocations=1 (full 0):
 par new generation   total 55296K, used 6143K [0x0000000778000000, 0x000000077bc00000, 0x000000077bc00000)
  eden space 49152K,   0% used [0x0000000778000000, 0x0000000778000000, 0x000000077b000000)
  from space 6144K,  99% used [0x000000077b600000, 0x000000077bbffff8, 0x000000077bc00000)
  to   space 6144K,   0% used [0x000000077b000000, 0x000000077b000000, 0x000000077b600000)
 concurrent mark-sweep generation total 69632K, used 798K [0x000000077bc00000, 0x0000000780000000, 0x00000007f8000000)
 concurrent-mark-sweep perm gen total 131072K, used 13256K [0x00000007f8000000, 0x0000000800000000, 0x0000000800000000)
}
Event: 3.366 GC heap before
{Heap before GC invocations=1 (full 0):
 par new generation   total 55296K, used 55295K [0x0000000778000000, 0x000000077bc00000, 0x000000077bc00000)
  eden space 49152K, 100% used [0x0000000778000000, 0x000000077b000000, 0x000000077b000000)
  from space 6144K,  99% used [0x000000077b600000, 0x000000077bbffff8, 0x000000077bc00000)
  to   space 6144K,   0% used [0x000000077b000000, 0x000000077b000000, 0x000000077b600000)
 concurrent mark-sweep generation total 69632K, used 798K [0x000000077bc00000, 0x0000000780000000, 0x00000007f8000000)
 concurrent-mark-sweep perm gen total 131072K, used 23192K [0x00000007f8000000, 0x0000000800000000, 0x0000000800000000)
Event: 3.429 GC heap after
Heap after GC invocations=2 (full 0):
 par new generation   total 55296K, used 6144K [0x0000000778000000, 0x000000077bc00000, 0x000000077bc00000)
  eden space 49152K,   0% used [0x0000000778000000, 0x0000000778000000, 0x000000077b000000)
  from space 6144K, 100% used [0x000000077b000000, 0x000000077b600000, 0x000000077b600000)
  to   space 6144K,   0% used [0x000000077b600000, 0x000000077b600000, 0x000000077bc00000)
 concurrent mark-sweep generation total 69632K, used 10610K [0x000000077bc00000, 0x0000000780000000, 0x00000007f8000000)
 concurrent-mark-sweep perm gen total 131072K, used 23192K [0x00000007f8000000, 0x0000000800000000, 0x0000000800000000)
}

Deoptimization events (10 events):
Event: 3.864 Thread 0x00000000309a1000 Uncommon trap -83 fr.pc 0x000000001b77ca7c
Event: 3.871 Thread 0x00000000309a1000 Uncommon trap -58 fr.pc 0x000000001b617050
Event: 3.875 Thread 0x00000000309a1000 Uncommon trap -58 fr.pc 0x000000001b617050
Event: 3.876 Thread 0x00000000309a1000 Uncommon trap -58 fr.pc 0x000000001b617050
Event: 3.883 Thread 0x00000000309a1000 Uncommon trap -58 fr.pc 0x000000001b617050
Event: 3.916 Thread 0x00000000309a1000 Uncommon trap 668 fr.pc 0x000000001b723c1c
Event: 4.072 Thread 0x00000000309a1000 Uncommon trap -34 fr.pc 0x000000001b3e0bd0
Event: 4.120 Thread 0x00000000309a1000 Uncommon trap -34 fr.pc 0x000000001b3e0bd0
Event: 4.154 Thread 0x00000000309a1000 Uncommon trap -34 fr.pc 0x000000001b3e0bd0
Event: 4.352 Thread 0x000000000561b800 Uncommon trap -83 fr.pc 0x000000001b73d3c8

Internal exceptions (10 events):
Event: 4.357 Thread 0x000000000561b800 Threw 0x0000000778fbaee8 at C:\jdk7u2_64p\jdk7u17\hotspot\src\share\vm\prims\jvm.cpp:1166
Event: 4.362 Thread 0x000000000561b800 Threw 0x0000000778fbe400 at C:\jdk7u2_64p\jdk7u17\hotspot\src\share\vm\prims\jvm.cpp:1166
Event: 4.363 Thread 0x000000000561b800 Threw 0x0000000778fd0708 at C:\jdk7u2_64p\jdk7u17\hotspot\src\share\vm\prims\jvm.cpp:1166
Event: 4.363 Thread 0x000000000561b800 Threw 0x0000000778fd25c0 at C:\jdk7u2_64p\jdk7u17\hotspot\src\share\vm\prims\jvm.cpp:1166
Event: 4.363 Thread 0x000000000561b800 Threw 0x0000000778fd4580 at C:\jdk7u2_64p\jdk7u17\hotspot\src\share\vm\prims\jvm.cpp:1166
Event: 4.366 Thread 0x000000000561b800 Threw 0x0000000778fddbd8 at C:\jdk7u2_64p\jdk7u17\hotspot\src\share\vm\prims\jvm.cpp:1166
Event: 4.366 Thread 0x000000000561b800 Threw 0x0000000778fe0470 at C:\jdk7u2_64p\jdk7u17\hotspot\src\share\vm\prims\jvm.cpp:1166
Event: 4.368 Thread 0x000000000561b800 Threw 0x0000000778fe2e88 at C:\jdk7u2_64p\jdk7u17\hotspot\src\share\vm\prims\jvm.cpp:1166
Event: 4.369 Thread 0x000000000561b800 Threw 0x0000000778fe7788 at C:\jdk7u2_64p\jdk7u17\hotspot\src\share\vm\prims\jvm.cpp:1166
Event: 4.370 Thread 0x000000000561b800 Threw 0x000000077901e810 at C:\jdk7u2_64p\jdk7u17\hotspot\src\share\vm\prims\jvm.cpp:1166

Events (10 events):
Event: 4.368 loading class 0x000000002f5e58a0 done
Event: 4.369 loading class 0x0000000026c479c0
Event: 4.369 loading class 0x0000000026c479c0 done
Event: 4.370 loading class 0x000000002f5e5300
Event: 4.370 loading class 0x000000002f5e5300 done
Event: 4.374 Thread 0x0000000026bc1000 flushing nmethod 0x000000001b54ba50
Event: 4.375 Thread 0x0000000026bc1000 flushing nmethod 0x000000001b57e310
Event: 4.377 Thread 0x0000000026bc1000 flushing nmethod 0x000000001b620e10
Event: 4.377 Thread 0x0000000026bc1000 flushing nmethod 0x000000001b631310
Event: 4.381 Thread 0x0000000026bc1000 flushing nmethod 0x000000001b723710


Dynamic libraries:
0x0000000140000000 - 0x000000014000e000 	C:\Xilinx\14.7\ISE_DS\PlanAhead\bin\unwrapped\win64.o\planAhead.exe
0x00007ffa20b70000 - 0x00007ffa20d1c000 	C:\Windows\SYSTEM32\ntdll.dll
0x00007ffa203f0000 - 0x00007ffa2052a000 	C:\Windows\system32\KERNEL32.DLL
0x00007ffa1e0b0000 - 0x00007ffa1e1bf000 	C:\Windows\system32\KERNELBASE.dll
0x000000000a900000 - 0x000000000a945000 	C:\Xilinx\14.7\ISE_DS\PlanAhead\lib\win64.o\SHSMP64.dll
0x0000000180000000 - 0x0000000180013000 	C:\Xilinx\14.7\ISE_DS\PlanAhead\lib\win64.o\libboost_signals.dll
0x00000000003d0000 - 0x0000000000c51000 	C:\Xilinx\14.7\ISE_DS\PlanAhead\lib\win64.o\librdi_common.dll
0x00000000001f0000 - 0x0000000000206000 	C:\Xilinx\14.7\ISE_DS\PlanAhead\lib\win64.o\librdi_commonmain.dll
0x0000000000c60000 - 0x0000000000d4e000 	C:\Xilinx\14.7\ISE_DS\PlanAhead\lib\win64.o\stlport.5.2.dll
0x0000000059430000 - 0x00000000594d3000 	C:\Windows\WinSxS\amd64_microsoft.vc90.crt_1fc8b3b9a1e18e3b_9.0.30729.8387_none_08e793bfa83a89b5\MSVCR90.dll
0x00007ffa1ffb0000 - 0x00007ffa20121000 	C:\Windows\system32\USER32.dll
0x00007ffa1e6d0000 - 0x00007ffa1e775000 	C:\Windows\system32\ADVAPI32.dll
0x00007ffa1bda0000 - 0x00007ffa1bdaa000 	C:\Windows\SYSTEM32\VERSION.dll
0x0000000000d50000 - 0x0000000001039000 	C:\Xilinx\14.7\ISE_DS\PlanAhead\lib\win64.o\libCOIN-all.dll
0x0000000001040000 - 0x000000000127a000 	C:\Xilinx\14.7\ISE_DS\PlanAhead\lib\win64.o\libSecurity.dll
0x0000000000240000 - 0x000000000024f000 	C:\Xilinx\14.7\ISE_DS\PlanAhead\lib\win64.o\libboost_date_time.dll
0x0000000000250000 - 0x0000000000277000 	C:\Xilinx\14.7\ISE_DS\PlanAhead\lib\win64.o\libboost_filesystem.dll
0x0000000001280000 - 0x00000000012f1000 	C:\Xilinx\14.7\ISE_DS\PlanAhead\lib\win64.o\libboost_program_options.dll
0x0000000001300000 - 0x00000000013af000 	C:\Xilinx\14.7\ISE_DS\PlanAhead\lib\win64.o\libboost_regex.dll
0x0000000000280000 - 0x0000000000289000 	C:\Xilinx\14.7\ISE_DS\PlanAhead\lib\win64.o\libboost_system.dll
0x0000000000290000 - 0x00000000002a6000 	C:\Xilinx\14.7\ISE_DS\PlanAhead\lib\win64.o\libboost_thread.dll
0x00000000013b0000 - 0x00000000013f3000 	C:\Xilinx\14.7\ISE_DS\PlanAhead\lib\win64.o\libcurl.dll
0x0000000001400000 - 0x0000000001483000 	C:\Xilinx\14.7\ISE_DS\PlanAhead\lib\win64.o\libhdlpsolve.dll
0x0000000001490000 - 0x0000000001547000 	C:\Xilinx\14.7\ISE_DS\PlanAhead\lib\win64.o\libhdxml.dll
0x0000000001550000 - 0x0000000001a930d3 	C:\Xilinx\14.7\ISE_DS\PlanAhead\lib\win64.o\libisl_iostreams.dll
0x0000000001aa0000 - 0x0000000001ac9000 	C:\Xilinx\14.7\ISE_DS\PlanAhead\lib\win64.o\libisl_sysinfo.dll
0x0000000056340000 - 0x0000000056a5f000 	C:\Xilinx\14.7\ISE_DS\PlanAhead\tps\win64\jre\bin\server\jvm.dll
0x00000000002b0000 - 0x00000000002c2000 	C:\Xilinx\14.7\ISE_DS\PlanAhead\lib\win64.o\pthreadVC.dll
0x0000000001ad0000 - 0x0000000001ae6000 	C:\Xilinx\14.7\ISE_DS\PlanAhead\lib\win64.o\librdiconfig.dll
0x0000000001af0000 - 0x0000000001b0e000 	C:\Xilinx\14.7\ISE_DS\PlanAhead\lib\win64.o\librdizlib.dll
0x0000000010000000 - 0x000000001012a000 	C:\Xilinx\14.7\ISE_DS\PlanAhead\lib\win64.o\tcl85t.dll
0x0000000012000000 - 0x0000000012282000 	C:\Xilinx\14.7\ISE_DS\PlanAhead\lib\win64.o\xerces-c_3_1.dll
0x00007ffa1e980000 - 0x00007ffa1e987000 	C:\Windows\system32\PSAPI.DLL
0x00007ffa184d0000 - 0x00007ffa18718000 	C:\Windows\SYSTEM32\WININET.dll
0x00007ffa12620000 - 0x00007ffa126e5000 	C:\Windows\SYSTEM32\WINHTTP.dll
0x00007ffa176a0000 - 0x00007ffa17825000 	C:\Windows\SYSTEM32\urlmon.dll
0x00007ffa13760000 - 0x00007ffa13769000 	C:\Windows\SYSTEM32\WSOCK32.dll
0x0000000056260000 - 0x0000000056333000 	C:\Windows\WinSxS\amd64_microsoft.vc90.crt_1fc8b3b9a1e18e3b_9.0.30729.8387_none_08e793bfa83a89b5\MSVCP90.dll
0x00007ffa1eb40000 - 0x00007ffa1ff4f000 	C:\Windows\system32\SHELL32.dll
0x00007ffa20130000 - 0x00007ffa20274000 	C:\Windows\system32\GDI32.dll
0x00007ffa209f0000 - 0x00007ffa20a97000 	C:\Windows\system32\msvcrt.dll
0x00007ffa207f0000 - 0x00007ffa20847000 	C:\Windows\SYSTEM32\sechost.dll
0x00007ffa20530000 - 0x00007ffa20667000 	C:\Windows\system32\RPCRT4.dll
0x00007ffa1b0e0000 - 0x00007ffa1b0f5000 	C:\Windows\SYSTEM32\NETAPI32.dll
0x00007ffa1e3f0000 - 0x00007ffa1e48e000 	C:\Windows\system32\COMDLG32.dll
0x00007ffa1e000000 - 0x00007ffa1e0a1000 	C:\Windows\WinSxS\amd64_microsoft.windows.common-controls_6595b64144ccf1df_5.82.9600.16384_none_34a8918f959016ea\COMCTL32.dll
0x00007ffa20aa0000 - 0x00007ffa20b61000 	C:\Windows\system32\OLEAUT32.dll
0x00007ffa20670000 - 0x00007ffa207e8000 	C:\Windows\system32\ole32.dll
0x00007ffa1e3a0000 - 0x00007ffa1e3ec000 	C:\Windows\system32\WINTRUST.dll
0x00007ffa1e1c0000 - 0x00007ffa1e397000 	C:\Windows\system32\CRYPT32.dll
0x0000000001bb0000 - 0x0000000001bbc000 	C:\Xilinx\14.7\ISE_DS\PlanAhead\lib\win64.o\libboost_chrono.dll
0x00007ffa202e0000 - 0x00007ffa20338000 	C:\Windows\system32\WS2_32.dll
0x00007ffa1ff50000 - 0x00007ffa1ffac000 	C:\Windows\system32\WLDAP32.dll
0x0000000001bf0000 - 0x0000000001c09000 	C:\Xilinx\14.7\ISE_DS\PlanAhead\lib\win64.o\libboost_iostreams.dll
0x00007ffa18d40000 - 0x00007ffa18d5f000 	C:\Windows\SYSTEM32\WINMM.dll
0x0000000059940000 - 0x0000000059a12000 	C:\Windows\SYSTEM32\MSVCR100.dll
0x00007ffa18200000 - 0x00007ffa184c7000 	C:\Windows\SYSTEM32\iertutil.dll
0x00007ffa1d4d0000 - 0x00007ffa1d4ee000 	C:\Windows\SYSTEM32\USERENV.dll
0x00007ffa1e4d0000 - 0x00007ffa1e6a6000 	C:\Windows\SYSTEM32\combase.dll
0x00007ffa20990000 - 0x00007ffa209e1000 	C:\Windows\system32\SHLWAPI.dll
0x00007ffa1d170000 - 0x00007ffa1d17c000 	C:\Windows\SYSTEM32\netutils.dll
0x00007ffa1dae0000 - 0x00007ffa1db05000 	C:\Windows\SYSTEM32\srvcli.dll
0x00007ffa1b090000 - 0x00007ffa1b0a6000 	C:\Windows\SYSTEM32\wkscli.dll
0x00007ffa1df90000 - 0x00007ffa1dfa2000 	C:\Windows\system32\MSASN1.dll
0x00007ffa1e6c0000 - 0x00007ffa1e6c9000 	C:\Windows\system32\NSI.dll
0x00007ffa18d10000 - 0x00007ffa18d3a000 	C:\Windows\SYSTEM32\WINMMBASE.dll
0x00007ffa1dee0000 - 0x00007ffa1def4000 	C:\Windows\SYSTEM32\profapi.dll
0x00007ffa1dfb0000 - 0x00007ffa1dffa000 	C:\Windows\SYSTEM32\cfgmgr32.dll
0x00007ffa1cd40000 - 0x00007ffa1cd66000 	C:\Windows\SYSTEM32\DEVOBJ.dll
0x00007ffa1c520000 - 0x00007ffa1c5bf000 	C:\Windows\SYSTEM32\SHCORE.DLL
0x00007ffa1e490000 - 0x00007ffa1e4c4000 	C:\Windows\system32\IMM32.DLL
0x00007ffa20850000 - 0x00007ffa20989000 	C:\Windows\system32\MSCTF.dll
0x0000000004fb0000 - 0x00000000052a3000 	C:\Xilinx\14.7\ISE_DS\PlanAhead\lib\win64.o\librdi_commontasks.dll
0x00007ff9fbdf0000 - 0x00007ff9fc600000 	C:\Xilinx\14.7\ISE_DS\PlanAhead\lib\win64.o\libSecurity_FNP.dll
0x00007ffa1afb0000 - 0x00007ffa1afd9000 	C:\Windows\SYSTEM32\iphlpapi.dll
0x00007ffa04ba0000 - 0x00007ffa04bac000 	C:\Windows\SYSTEM32\snmpapi.dll
0x00007ffa1e7a0000 - 0x00007ffa1e974000 	C:\Windows\system32\SETUPAPI.dll
0x00007ffa0d790000 - 0x00007ffa0d80b000 	C:\Windows\SYSTEM32\WINSPOOL.DRV
0x00007ffa1ab50000 - 0x00007ffa1abb3000 	C:\Windows\SYSTEM32\OLEACC.dll
0x00007ffa1adc0000 - 0x00007ffa1adca000 	C:\Windows\SYSTEM32\WINNSI.DLL
0x00007ffa1d780000 - 0x00007ffa1d79e000 	C:\Windows\SYSTEM32\CRYPTSP.dll
0x00007ffa1d3c0000 - 0x00007ffa1d3f5000 	C:\Windows\system32\rsaenh.dll
0x00007ffa1d9c0000 - 0x00007ffa1d9e6000 	C:\Windows\SYSTEM32\bcrypt.dll
0x00007ffa1dd50000 - 0x00007ffa1dd5a000 	C:\Windows\SYSTEM32\CRYPTBASE.dll
0x00007ffa1dcf0000 - 0x00007ffa1dd50000 	C:\Windows\SYSTEM32\bcryptPrimitives.dll
0x00007ffa1cd90000 - 0x00007ffa1cd9a000 	C:\Windows\SYSTEM32\kernel.appcore.dll
0x00007ffa1cbc0000 - 0x00007ffa1cce1000 	C:\Windows\system32\uxtheme.dll
0x00007ffa19580000 - 0x00007ffa19594000 	C:\Windows\system32\napinsp.dll
0x00007ffa146e0000 - 0x00007ffa146f9000 	C:\Windows\system32\pnrpnsp.dll
0x00007ffa197d0000 - 0x00007ffa197eb000 	C:\Windows\system32\NLAapi.dll
0x00007ffa1d720000 - 0x00007ffa1d778000 	C:\Windows\System32\mswsock.dll
0x00007ffa1d530000 - 0x00007ffa1d5d3000 	C:\Windows\SYSTEM32\DNSAPI.dll
0x00007ffa1a920000 - 0x00007ffa1a92c000 	C:\Windows\System32\winrnr.dll
0x0000000059310000 - 0x0000000059336000 	C:\Program Files\Bonjour\mdnsNSP.dll
0x00007ffa20340000 - 0x00007ffa203e4000 	C:\Windows\SYSTEM32\clbcatq.dll
0x00007ffa17cb0000 - 0x00007ffa17d18000 	C:\Windows\System32\fwpuclnt.dll
0x00007ffa11e90000 - 0x00007ffa11e99000 	C:\Windows\System32\rasadhlp.dll
0x0000000006be0000 - 0x0000000007220000 	C:\Xilinx\14.7\ISE_DS\PlanAhead\lib\win64.o\librdi_coretasks.dll
0x0000000007220000 - 0x00000000073e7000 	C:\Xilinx\14.7\ISE_DS\PlanAhead\lib\win64.o\librdi_chipscope.dll
0x00000000073f0000 - 0x0000000008410000 	C:\Xilinx\14.7\ISE_DS\PlanAhead\lib\win64.o\librdi_constraints.dll
0x0000000008410000 - 0x00000000096dc000 	C:\Xilinx\14.7\ISE_DS\PlanAhead\lib\win64.o\librdi_coregen.dll
0x000000000a950000 - 0x000000000dfa1000 	C:\Xilinx\14.7\ISE_DS\PlanAhead\lib\win64.o\librdi_designutils.dll
0x00000000096e0000 - 0x000000000a2ba000 	C:\Xilinx\14.7\ISE_DS\PlanAhead\lib\win64.o\librdi_device.dll
0x000000000a2c0000 - 0x000000000a5d4000 	C:\Xilinx\14.7\ISE_DS\PlanAhead\lib\win64.o\librdi_drc.dll
0x000000000a5e0000 - 0x000000000a86e000 	C:\Xilinx\14.7\ISE_DS\PlanAhead\lib\win64.o\librdi_filemgmt.dll
0x000000000dfb0000 - 0x000000000e386000 	C:\Xilinx\14.7\ISE_DS\PlanAhead\lib\win64.o\librdi_netlist.dll
0x000000000e390000 - 0x000000000f4b3000 	C:\Xilinx\14.7\ISE_DS\PlanAhead\lib\win64.o\librdi_place.dll
0x000000000f4c0000 - 0x000000000f9e2000 	C:\Xilinx\14.7\ISE_DS\PlanAhead\lib\win64.o\librdi_power.dll
0x000000000f9f0000 - 0x000000000fda3000 	C:\Xilinx\14.7\ISE_DS\PlanAhead\lib\win64.o\librdi_project.dll
0x0000000010130000 - 0x00000000106cd000 	C:\Xilinx\14.7\ISE_DS\PlanAhead\lib\win64.o\librdi_rsb.dll
0x00000000106d0000 - 0x0000000010ac8000 	C:\Xilinx\14.7\ISE_DS\PlanAhead\lib\win64.o\librdi_runs.dll
0x0000000010ad0000 - 0x00000000115a8000 	C:\Xilinx\14.7\ISE_DS\PlanAhead\lib\win64.o\librdi_timing.dll
0x0000000005fa0000 - 0x000000000600e000 	C:\Xilinx\14.7\ISE_DS\PlanAhead\lib\win64.o\liblmx6.0.dll
0x0000000006020000 - 0x0000000006028000 	C:\Xilinx\14.7\ISE_DS\PlanAhead\lib\win64.o\libpsta_dllwrapper.dll
0x00000000115b0000 - 0x0000000011d7f000 	C:\Xilinx\14.7\ISE_DS\PlanAhead\lib\win64.o\librdi_coregenipxact.dll
0x0000000012290000 - 0x0000000012a30000 	C:\Xilinx\14.7\ISE_DS\PlanAhead\lib\win64.o\libverific.dll
0x000000000a870000 - 0x000000000a8ed000 	C:\Xilinx\14.7\ISE_DS\PlanAhead\lib\win64.o\libboost_serialization.dll
0x0000000012a30000 - 0x0000000012f74000 	C:\Xilinx\14.7\ISE_DS\PlanAhead\lib\win64.o\librdi_xdm.dll
0x000000000fdb0000 - 0x000000000fe40000 	C:\Xilinx\14.7\ISE_DS\PlanAhead\lib\win64.o\libise.dll
0x0000000012f80000 - 0x000000001355c000 	C:\Xilinx\14.7\ISE_DS\PlanAhead\lib\win64.o\librdi_abc_nomp.dll
0x000000000fe40000 - 0x000000000ff68000 	C:\Xilinx\14.7\ISE_DS\PlanAhead\lib\win64.o\librdi_dlyest.dll
0x00000000063a0000 - 0x00000000063ba000 	C:\Xilinx\14.7\ISE_DS\PlanAhead\lib\win64.o\librdi_hmetis.dll
0x0000000059410000 - 0x0000000059421000 	C:\Windows\WinSxS\amd64_microsoft.vc90.openmp_1fc8b3b9a1e18e3b_9.0.30729.6161_none_390d35aa0a1f21f9\VCOMP90.DLL
0x0000000013560000 - 0x0000000013b4e000 	C:\Xilinx\14.7\ISE_DS\PlanAhead\lib\win64.o\librdi_route.dll
0x0000000011d80000 - 0x0000000011faa000 	C:\Xilinx\14.7\ISE_DS\PlanAhead\lib\win64.o\librdi_labtools.dll
0x0000000013b50000 - 0x000000001408b000 	C:\Xilinx\14.7\ISE_DS\PlanAhead\lib\win64.o\librdi_memdata.dll
0x0000000014090000 - 0x00000000157bf000 	C:\Xilinx\14.7\ISE_DS\PlanAhead\lib\win64.o\librdi_synth.dll
0x00000000157c0000 - 0x0000000015bfe000 	C:\Xilinx\14.7\ISE_DS\PlanAhead\lib\win64.o\librdi_ip.dll

VM Arguments:
jvm_args: -Dsun.java2d.pmoffscreen=false -Xverify:none -Dswing.aatext=true -XX:-UsePerfData -Djdk.map.althashing.threshold=512 -XX:PermSize=128m -XX:MaxPermSize=128m -XX:NewSize=60m -XX:MaxNewSize=60m -XX:+UseConcMarkSweepGC -XX:+UseParNewGC -XX:+CMSParallelRemarkEnabled -XX:+CMSScavengeBeforeRemark -XX:+UseNUMA -XX:+AggressiveOpts -XX:+UseFastAccessorMethods -XX:+UseFastEmptyMethods -XX:+UseBiasedLocking -XX:+TieredCompilation -Xms128m -Xmx2048m -Xss3m 
java_command: <unknown>
Launcher Type: generic

Environment Variables:
PATH=C:/Xilinx/14.7/ISE_DS/PlanAhead/bin;C:/Xilinx/14.7/ISE_DS/PlanAhead/lib/win64.o;C:/Xilinx/14.7/ISE_DS/PlanAhead/tps/win64/jre/bin/server;C:/Xilinx/14.7/ISE_DS/PlanAhead/tps/win64/jre/bin;C:/Xilinx/14.7/ISE_DS/EDK/bin/nt64;C:/Xilinx/14.7/ISE_DS/EDK/lib/nt64;C:/Xilinx/14.7/ISE_DS/ISE/bin/nt64;C:/Xilinx/14.7/ISE_DS/ISE/lib/nt64;C:/Xilinx/14.7/ISE_DS/common/bin/nt64;C:/Xilinx/14.7/ISE_DS/common/lib/nt64;C:\Xilinx\14.7\ISE_DS\ISE\\lib\nt;C:\Xilinx\14.7\ISE_DS\ISE\\bin\nt;C:\Xilinx\14.7\ISE_DS\ISE\bin\nt;C:\Xilinx\14.7\ISE_DS\ISE\lib\nt;C:\Xilinx\14.7\ISE_DS\ISE\..\..\..\DocNav;C:\Xilinx\14.7\ISE_DS\PlanAhead\bin;C:\Xilinx\14.7\ISE_DS\EDK\bin\nt;C:\Xilinx\14.7\ISE_DS\EDK\lib\nt;C:\Xilinx\14.7\ISE_DS\EDK\gnu\microblaze\nt\bin;C:\Xilinx\14.7\ISE_DS\EDK\gnu\powerpc-eabi\nt\bin;C:\Xilinx\14.7\ISE_DS\EDK\gnuwin\bin;C:\Xilinx\14.7\ISE_DS\EDK\gnu\arm\nt\bin;C:\Xilinx\14.7\ISE_DS\EDK\gnu\microblaze\linux_toolchain\nt_be\bin;C:\Xilinx\14.7\ISE_DS\EDK\gnu\microblaze\linux_toolchain\nt_le\bin;C:\Xilinx\14.7\ISE_DS\common\bin\nt;C:\Xilinx\14.7\ISE_DS\common\lib\nt;C:\WinAVR-20100110\bin;C:\WinAVR-20100110\utils\bin;C:\Windows\system32;C:\Windows;C:\Windows\System32\Wbem;C:\Windows\System32\WindowsPowerShell\v1.0\;C:\Program Files (x86)\Windows Live\Shared;C:\Program Files (x86)\ATI Technologies\ATI.ACE\Core-Static;C:\Program Files\Hewlett-Packard\SimplePass\;C:\Program Files (x86)\CBTool\CEENBoT-Utility-Tool-v0.11.037b;C:\Ruby21\bin
USERNAME=Jacob
OS=Windows_NT
PROCESSOR_IDENTIFIER=AMD64 Family 21 Model 19 Stepping 1, AuthenticAMD



---------------  S Y S T E M  ---------------

OS: Windows 8 , 64 bit Build 9200 

CPU:total 4 (4 cores per cpu, 1 threads per core) family 21 model 19 stepping 1, cmov, cx8, fxsr, mmx, sse, sse2, sse3, ssse3, sse4.1, sse4.2, popcnt, avx, mmxext, 3dnowpref, lzcnt, sse4a, tsc, tscinvbit, tscinv

Memory: 4k page, physical 7563528k(4017604k free), swap 15165704k(10442980k free)

vm_info: Java HotSpot(TM) 64-Bit Server VM (23.7-b01) for windows-amd64 JRE (1.7.0_17-b02), built on Mar  1 2013 03:38:30 by "java_re" with unknown MS VC++:1600

time: Wed Feb 25 17:59:11 2015
elapsed time: 4 seconds

